<?xml version="1.0" encoding="UTF-8"?>
<!-- Generated by org.testng.reporters.JUnitReportReporter -->
<testsuite skipped="0" hostname="GGD-SER-PC-01" name="TestNGAssignment.TestNGpractice" tests="5" failures="0" timestamp="2022-05-09T15:04:30 IST" time="0.017" errors="0">
  <testcase name="d1" time="0.001" classname="TestNGAssignment.TestNGpractice"/>
  <system-out/>
  <testcase name="d1" time="0.002" classname="TestNGAssignment.TestNGpractice"/>
  <system-out/>
  <testcase name="d1" time="0.003" classname="TestNGAssignment.TestNGpractice"/>
  <system-out/>
  <testcase name="d1" time="0.001" classname="TestNGAssignment.TestNGpractice"/>
  <system-out/>
  <testcase name="d1" time="0.010" classname="TestNGAssignment.TestNGpractice"/>
  <system-out/>
</testsuite> <!-- TestNGAssignment.TestNGpractice -->
