<?xml version="1.0" encoding="UTF-8"?>
<!-- Generated by org.testng.reporters.JUnitReportReporter -->
<testsuite skipped="0" hostname="GGD-SER-PC-01" name="TestNGAssignment.TestNGpractice$TestNGpractice1" tests="3" failures="0" timestamp="2022-05-02T18:18:02 IST" time="0.008" errors="0">
  <testcase name="Signin" time="0.007" classname="TestNGAssignment.TestNGpractice$TestNGpractice1"/>
  <system-out/>
  <testcase name="login" time="0.001" classname="TestNGAssignment.TestNGpractice$TestNGpractice1"/>
  <system-out/>
  <testcase name="email" time="0.000" classname="TestNGAssignment.TestNGpractice$TestNGpractice1"/>
  <system-out/>
</testsuite> <!-- TestNGAssignment.TestNGpractice$TestNGpractice1 -->
